<?xml version="1.0" encoding="UTF-8"?>
<testng-results skipped="0" failed="0" total="2" passed="2">
  <reporter-output>
  </reporter-output>
  <suite name="Suite" duration-ms="38380" started-at="2020-02-17T09:27:03Z" finished-at="2020-02-17T09:27:42Z">
    <groups>
    </groups>
    <test name="Test" duration-ms="38380" started-at="2020-02-17T09:27:03Z" finished-at="2020-02-17T09:27:42Z">
      <class name="com.Lsac.OfficialLSATPrepEndtoEnd">
        <test-method status="PASS" signature="precondition(java.lang.String)[pri:0, instance:com.Lsac.OfficialLSATPrepEndtoEnd@17c68925]" name="precondition" is-config="true" duration-ms="9686" started-at="2020-02-17T14:57:03Z" finished-at="2020-02-17T14:57:13Z">
          <params>
            <param index="0">
              <value>
                <![CDATA[webbrowser]]>
              </value>
            </param>
          </params>
          <reporter-output>
          </reporter-output>
        </test-method> <!-- precondition -->
        <test-method status="PASS" signature="OfficialLSATPrepEndtoEndTest()[pri:0, instance:com.Lsac.OfficialLSATPrepEndtoEnd@17c68925]" name="OfficialLSATPrepEndtoEndTest" duration-ms="10042" started-at="2020-02-17T14:57:13Z" finished-at="2020-02-17T14:57:23Z">
          <reporter-output>
          </reporter-output>
        </test-method> <!-- OfficialLSATPrepEndtoEndTest -->
        <test-method status="PASS" signature="postcondition()[pri:0, instance:com.Lsac.OfficialLSATPrepEndtoEnd@17c68925]" name="postcondition" is-config="true" duration-ms="1425" started-at="2020-02-17T14:57:23Z" finished-at="2020-02-17T14:57:24Z">
          <reporter-output>
          </reporter-output>
        </test-method> <!-- postcondition -->
      </class> <!-- com.Lsac.OfficialLSATPrepEndtoEnd -->
      <class name="com.Lsac.HomePageUIValidation">
        <test-method status="PASS" signature="precondition(java.lang.String)[pri:0, instance:com.Lsac.HomePageUIValidation@7f690630]" name="precondition" is-config="true" duration-ms="15593" started-at="2020-02-17T14:57:24Z" finished-at="2020-02-17T14:57:40Z">
          <params>
            <param index="0">
              <value>
                <![CDATA[webbrowser]]>
              </value>
            </param>
          </params>
          <reporter-output>
          </reporter-output>
        </test-method> <!-- precondition -->
        <test-method status="PASS" signature="UIValidationofHomePageTest()[pri:0, instance:com.Lsac.HomePageUIValidation@7f690630]" name="UIValidationofHomePageTest" duration-ms="95" started-at="2020-02-17T14:57:40Z" finished-at="2020-02-17T14:57:40Z">
          <reporter-output>
          </reporter-output>
        </test-method> <!-- UIValidationofHomePageTest -->
        <test-method status="PASS" signature="postcondition()[pri:0, instance:com.Lsac.HomePageUIValidation@7f690630]" name="postcondition" is-config="true" duration-ms="1505" started-at="2020-02-17T14:57:40Z" finished-at="2020-02-17T14:57:42Z">
          <reporter-output>
          </reporter-output>
        </test-method> <!-- postcondition -->
      </class> <!-- com.Lsac.HomePageUIValidation -->
    </test> <!-- Test -->
  </suite> <!-- Suite -->
</testng-results>
